<?xml version="1.0" encoding="UTF-8"?>
<testsuite xmlns:xsi="http://www.w3.org/2001/XMLSchema-instance" xsi:noNamespaceSchemaLocation="https://maven.apache.org/surefire/maven-surefire-plugin/xsd/surefire-test-report-3.0.xsd" version="3.0" name="com.uber.clone.UberCloneApplicationTests" time="8.449" tests="1" errors="0" skipped="0" failures="0">
  <properties>
[...]
</properties>
  <testcase name="contextLoads" classname="com.uber.clone.UberCloneApplicationTests" time="0.679">
    <system-out><![CDATA[00:17:16.695 [main] INFO org.springframework.test.context.support.AnnotationConfigContextLoaderUtils -- Could not detect default configuration classes for test class [com.uber.clone.UberCloneApplicationTests]: UberCloneApplicationTests does not declare any static, non-private, non-final, nested classes annotated with @Configuration.
00:17:16.847 [main] INFO org.springframework.boot.test.context.SpringBootTestContextBootstrapper -- Found @SpringBootConfiguration com.uber.clone.UberCloneApplication for test class com.uber.clone.UberCloneApplicationTests
2026-05-04T00:17:17.602+05:30  INFO 15316 --- [           main] c.uber.clone.UberCloneApplicationTests   : Starting UberCloneApplicationTests using Java 21.0.10 with PID 15316 (started by rd694 in c:\Users\rd694\OneDrive\Desktop\springboot\uber-clone)
2026-05-04T00:17:17.609+05:30  INFO 15316 --- [           main] c.uber.clone.UberCloneApplicationTests   : No active profile set, falling back to 1 default profile: "default"
2026-05-04T00:17:19.017+05:30  INFO 15316 --- [           main] .s.d.r.c.RepositoryConfigurationDelegate : Bootstrapping Spring Data JPA repositories in DEFAULT mode.
2026-05-04T00:17:19.129+05:30  INFO 15316 --- [           main] .s.d.r.c.RepositoryConfigurationDelegate : Finished Spring Data repository scanning in 102 ms. Found 3 JPA repository interfaces.
2026-05-04T00:17:19.826+05:30  INFO 15316 --- [           main] o.hibernate.jpa.internal.util.LogHelper  : HHH000204: Processing PersistenceUnitInfo [name: default]
2026-05-04T00:17:19.919+05:30  INFO 15316 --- [           main] org.hibernate.Version                    : HHH000412: Hibernate ORM core version 6.3.1.Final
2026-05-04T00:17:19.993+05:30  INFO 15316 --- [           main] o.h.c.internal.RegionFactoryInitiator    : HHH000026: Second-level cache disabled
2026-05-04T00:17:20.389+05:30  INFO 15316 --- [           main] o.s.o.j.p.SpringPersistenceUnitInfo      : No LoadTimeWeaver setup: ignoring JPA class transformer
2026-05-04T00:17:20.429+05:30  INFO 15316 --- [           main] com.zaxxer.hikari.HikariDataSource       : HikariPool-1 - Starting...
2026-05-04T00:17:20.771+05:30  INFO 15316 --- [           main] com.zaxxer.hikari.pool.HikariPool        : HikariPool-1 - Added connection conn0: url=jdbc:h2:mem:uber_clone_test user=SA
2026-05-04T00:17:20.773+05:30  INFO 15316 --- [           main] com.zaxxer.hikari.HikariDataSource       : HikariPool-1 - Start completed.
2026-05-04T00:17:20.805+05:30  WARN 15316 --- [           main] org.hibernate.orm.deprecation            : HHH90000025: H2Dialect does not need to be specified explicitly using 'hibernate.dialect' (remove the property setting and it will be selected by default)
2026-05-04T00:17:21.871+05:30  INFO 15316 --- [           main] o.h.e.t.j.p.i.JtaPlatformInitiator       : HHH000489: No JTA platform available (set 'hibernate.transaction.jta.platform' to enable JTA platform integration)
2026-05-04T00:17:21.888+05:30 DEBUG 15316 --- [           main] org.hibernate.SQL                        : 
    drop table if exists driver_profiles cascade 
Hibernate: 
    drop table if exists driver_profiles cascade 
2026-05-04T00:17:21.893+05:30 DEBUG 15316 --- [           main] org.hibernate.SQL                        : 
    drop table if exists rides cascade 
Hibernate: 
    drop table if exists rides cascade 
2026-05-04T00:17:21.893+05:30 DEBUG 15316 --- [           main] org.hibernate.SQL                        : 
    drop table if exists users cascade 
Hibernate: 
    drop table if exists users cascade 
2026-05-04T00:17:21.899+05:30 DEBUG 15316 --- [           main] org.hibernate.SQL                        : 
    create table driver_profiles (
        rating float(53),
        total_rides integer not null,
        verified boolean not null,
        created_at timestamp(6),
        id bigint generated by default as identity,
        updated_at timestamp(6),
        user_id bigint not null unique,
        license_number varchar(255) not null,
        status varchar(255) not null check (status in ('OFFLINE','AVAILABLE','BUSY','ON_TRIP')),
        vehicle_color varchar(255),
        vehicle_license_plate varchar(255),
        vehicle_model varchar(255),
        vehicle_type varchar(255) not null check (vehicle_type in ('SEDAN','SUV','MINI','PREMIUM','AUTO')),
        primary key (id)
    )
Hibernate: 
    create table driver_profiles (
        rating float(53),
        total_rides integer not null,
        verified boolean not null,
        created_at timestamp(6),
        id bigint generated by default as identity,
        updated_at timestamp(6),
        user_id bigint not null unique,
        license_number varchar(255) not null,
        status varchar(255) not null check (status in ('OFFLINE','AVAILABLE','BUSY','ON_TRIP')),
        vehicle_color varchar(255),
        vehicle_license_plate varchar(255),
        vehicle_model varchar(255),
        vehicle_type varchar(255) not null check (vehicle_type in ('SEDAN','SUV','MINI','PREMIUM','AUTO')),
        primary key (id)
    )
2026-05-04T00:17:21.920+05:30 DEBUG 15316 --- [           main] org.hibernate.SQL                        : 
    create table rides (
        distance float(53) not null,
        dropoff_latitude float(53) not null,
        dropoff_longitude float(53) not null,
        duration float(53) not null,
        fare float(53) not null,
        pickup_latitude float(53) not null,
        pickup_longitude float(53) not null,
        accepted_at timestamp(6),
        cancelled_at timestamp(6),
        completed_at timestamp(6),
        driver_id bigint,
        id bigint generated by default as identity,
        requested_at timestamp(6),
        rider_id bigint not null,
        started_at timestamp(6),
        cancellation_reason varchar(255),
        dropoff_location varchar(255) not null,
        otp varchar(255),
        payment_method varchar(255) check (payment_method in ('CASH','CARD','WALLET')),
        payment_status varchar(255) not null check (payment_status in ('PENDING','COMPLETED','FAILED','REFUNDED')),
        pickup_location varchar(255) not null,
        status varchar(255) not null check (status in ('PENDING','ACCEPTED','DRIVER_ARRIVED','IN_PROGRESS','COMPLETED','CANCELLED')),
        primary key (id)
    )
Hibernate: 
    create table rides (
        distance float(53) not null,
        dropoff_latitude float(53) not null,
        dropoff_longitude float(53) not null,
        duration float(53) not null,
        fare float(53) not null,
        pickup_latitude float(53) not null,
        pickup_longitude float(53) not null,
        accepted_at timestamp(6),
        cancelled_at timestamp(6),
        completed_at timestamp(6),
        driver_id bigint,
        id bigint generated by default as identity,
        requested_at timestamp(6),
        rider_id bigint not null,
        started_at timestamp(6),
        cancellation_reason varchar(255),
        dropoff_location varchar(255) not null,
        otp varchar(255),
        payment_method varchar(255) check (payment_method in ('CASH','CARD','WALLET')),
        payment_status varchar(255) not null check (payment_status in ('PENDING','COMPLETED','FAILED','REFUNDED')),
        pickup_location varchar(255) not null,
        status varchar(255) not null check (status in ('PENDING','ACCEPTED','DRIVER_ARRIVED','IN_PROGRESS','COMPLETED','CANCELLED')),
        primary key (id)
    )
2026-05-04T00:17:21.923+05:30 DEBUG 15316 --- [           main] org.hibernate.SQL                        : 
    create table users (
        active boolean not null,
        email_verified boolean not null,
        created_at timestamp(6) not null,
        id bigint generated by default as identity,
        updated_at timestamp(6),
        email varchar(255) not null unique,
        first_name varchar(255) not null,
        last_name varchar(255) not null,
        password varchar(255) not null,
        phone varchar(255) not null unique,
        profile_picture_url varchar(255),
        role varchar(255) not null check (role in ('RIDER','DRIVER','ADMIN')),
        primary key (id)
    )
Hibernate: 
    create table users (
        active boolean not null,
        email_verified boolean not null,
        created_at timestamp(6) not null,
        id bigint generated by default as identity,
        updated_at timestamp(6),
        email varchar(255) not null unique,
        first_name varchar(255) not null,
        last_name varchar(255) not null,
        password varchar(255) not null,
        phone varchar(255) not null unique,
        profile_picture_url varchar(255),
        role varchar(255) not null check (role in ('RIDER','DRIVER','ADMIN')),
        primary key (id)
    )
2026-05-04T00:17:21.926+05:30 DEBUG 15316 --- [           main] org.hibernate.SQL                        : 
    alter table if exists driver_profiles 
       add constraint FKqn29tvl9im463s414dfe9rctk 
       foreign key (user_id) 
       references users
Hibernate: 
    alter table if exists driver_profiles 
       add constraint FKqn29tvl9im463s414dfe9rctk 
       foreign key (user_id) 
       references users
2026-05-04T00:17:21.936+05:30 DEBUG 15316 --- [           main] org.hibernate.SQL                        : 
    alter table if exists rides 
       add constraint FKmuuecuqys1p4sde5wa3cl4r12 
       foreign key (driver_id) 
       references driver_profiles
Hibernate: 
    alter table if exists rides 
       add constraint FKmuuecuqys1p4sde5wa3cl4r12 
       foreign key (driver_id) 
       references driver_profiles
2026-05-04T00:17:21.939+05:30 DEBUG 15316 --- [           main] org.hibernate.SQL                        : 
    alter table if exists rides 
       add constraint FKndi7m2v89sqnqe2gf1m72g2my 
       foreign key (rider_id) 
       references users
Hibernate: 
    alter table if exists rides 
       add constraint FKndi7m2v89sqnqe2gf1m72g2my 
       foreign key (rider_id) 
       references users
2026-05-04T00:17:21.947+05:30  INFO 15316 --- [           main] j.LocalContainerEntityManagerFactoryBean : Initialized JPA EntityManagerFactory for persistence unit 'default'
2026-05-04T00:17:22.596+05:30  INFO 15316 --- [           main] o.s.d.j.r.query.QueryEnhancerFactory     : Hibernate is in classpath; If applicable, HQL parser will be used.
2026-05-04T00:17:23.579+05:30  WARN 15316 --- [           main] JpaBaseConfiguration$JpaWebConfiguration : spring.jpa.open-in-view is enabled by default. Therefore, database queries may be performed during view rendering. Explicitly configure spring.jpa.open-in-view to disable this warning
2026-05-04T00:17:24.237+05:30  INFO 15316 --- [           main] c.uber.clone.UberCloneApplicationTests   : Started UberCloneApplicationTests in 7.171 seconds (process running for 8.419)
]]></system-out>
    <system-err><![CDATA[WARNING: A Java agent has been loaded dynamically (C:\Users\rd694\.m2\repository\net\bytebuddy\byte-buddy-agent\1.14.10\byte-buddy-agent-1.14.10.jar)
WARNING: If a serviceability tool is in use, please run with -XX:+EnableDynamicAgentLoading to hide this warning
WARNING: If a serviceability tool is not in use, please run with -Djdk.instrument.traceUsage for more information
WARNING: Dynamic loading of agents will be disallowed by default in a future release
]]></system-err>
  </testcase>
</testsuite>